<?xml version="1.0" encoding="UTF-8"?>
<testsuite xmlns:xsi="http://www.w3.org/2001/XMLSchema-instance" xsi:noNamespaceSchemaLocation="https://maven.apache.org/surefire/maven-surefire-plugin/xsd/surefire-test-report.xsd" name="com.yep.server.MainTest" time="9.044" tests="1" errors="0" skipped="0" failures="0">
  <properties>
    <property name="sun.desktop" value="windows"/>
    <property name="awt.toolkit" value="sun.awt.windows.WToolkit"/>
    <property name="file.encoding.pkg" value="sun.io"/>
    <property name="java.specification.version" value="1.8"/>
    <property name="sun.cpu.isalist" value="amd64"/>
    <property name="sun.jnu.encoding" value="GBK"/>
    <property name="java.class.path" value="G:\workspace\workspace_myIdea\TimChatRemake\TimChatRemake-server\target\test-classes;G:\workspace\workspace_myIdea\TimChatRemake\TimChatRemake-server\target\classes;G:\DeveloperTools\Maven\repository\org\springframework\boot\spring-boot-starter-security\2.3.5.RELEASE\spring-boot-starter-security-2.3.5.RELEASE.jar;G:\DeveloperTools\Maven\repository\org\springframework\boot\spring-boot-starter\2.3.5.RELEASE\spring-boot-starter-2.3.5.RELEASE.jar;G:\DeveloperTools\Maven\repository\org\springframework\boot\spring-boot-starter-logging\2.3.5.RELEASE\spring-boot-starter-logging-2.3.5.RELEASE.jar;G:\DeveloperTools\Maven\repository\ch\qos\logback\logback-classic\1.2.3\logback-classic-1.2.3.jar;G:\DeveloperTools\Maven\repository\ch\qos\logback\logback-core\1.2.3\logback-core-1.2.3.jar;G:\DeveloperTools\Maven\repository\org\apache\logging\log4j\log4j-to-slf4j\2.13.3\log4j-to-slf4j-2.13.3.jar;G:\DeveloperTools\Maven\repository\org\apache\logging\log4j\log4j-api\2.13.3\log4j-api-2.13.3.jar;G:\DeveloperTools\Maven\repository\org\slf4j\jul-to-slf4j\1.7.30\jul-to-slf4j-1.7.30.jar;G:\DeveloperTools\Maven\repository\jakarta\annotation\jakarta.annotation-api\1.3.5\jakarta.annotation-api-1.3.5.jar;G:\DeveloperTools\Maven\repository\org\yaml\snakeyaml\1.26\snakeyaml-1.26.jar;G:\DeveloperTools\Maven\repository\org\springframework\spring-aop\5.2.10.RELEASE\spring-aop-5.2.10.RELEASE.jar;G:\DeveloperTools\Maven\repository\org\springframework\spring-beans\5.2.10.RELEASE\spring-beans-5.2.10.RELEASE.jar;G:\DeveloperTools\Maven\repository\org\springframework\security\spring-security-config\5.3.5.RELEASE\spring-security-config-5.3.5.RELEASE.jar;G:\DeveloperTools\Maven\repository\org\springframework\spring-context\5.2.10.RELEASE\spring-context-5.2.10.RELEASE.jar;G:\DeveloperTools\Maven\repository\org\springframework\security\spring-security-web\5.3.5.RELEASE\spring-security-web-5.3.5.RELEASE.jar;G:\DeveloperTools\Maven\repository\org\springframework\spring-expression\5.2.10.RELEASE\spring-expression-5.2.10.RELEASE.jar;G:\DeveloperTools\Maven\repository\org\springframework\boot\spring-boot-starter-web\2.3.5.RELEASE\spring-boot-starter-web-2.3.5.RELEASE.jar;G:\DeveloperTools\Maven\repository\org\springframework\boot\spring-boot-starter-json\2.3.5.RELEASE\spring-boot-starter-json-2.3.5.RELEASE.jar;G:\DeveloperTools\Maven\repository\com\fasterxml\jackson\core\jackson-databind\2.11.3\jackson-databind-2.11.3.jar;G:\DeveloperTools\Maven\repository\com\fasterxml\jackson\core\jackson-annotations\2.11.3\jackson-annotations-2.11.3.jar;G:\DeveloperTools\Maven\repository\com\fasterxml\jackson\core\jackson-core\2.11.3\jackson-core-2.11.3.jar;G:\DeveloperTools\Maven\repository\com\fasterxml\jackson\datatype\jackson-datatype-jdk8\2.11.3\jackson-datatype-jdk8-2.11.3.jar;G:\DeveloperTools\Maven\repository\com\fasterxml\jackson\datatype\jackson-datatype-jsr310\2.11.3\jackson-datatype-jsr310-2.11.3.jar;G:\DeveloperTools\Maven\repository\com\fasterxml\jackson\module\jackson-module-parameter-names\2.11.3\jackson-module-parameter-names-2.11.3.jar;G:\DeveloperTools\Maven\repository\org\springframework\boot\spring-boot-starter-tomcat\2.3.5.RELEASE\spring-boot-starter-tomcat-2.3.5.RELEASE.jar;G:\DeveloperTools\Maven\repository\org\apache\tomcat\embed\tomcat-embed-core\9.0.39\tomcat-embed-core-9.0.39.jar;G:\DeveloperTools\Maven\repository\org\glassfish\jakarta.el\3.0.3\jakarta.el-3.0.3.jar;G:\DeveloperTools\Maven\repository\org\apache\tomcat\embed\tomcat-embed-websocket\9.0.39\tomcat-embed-websocket-9.0.39.jar;G:\DeveloperTools\Maven\repository\org\springframework\spring-web\5.2.10.RELEASE\spring-web-5.2.10.RELEASE.jar;G:\DeveloperTools\Maven\repository\org\springframework\spring-webmvc\5.2.10.RELEASE\spring-webmvc-5.2.10.RELEASE.jar;G:\DeveloperTools\Maven\repository\org\springframework\boot\spring-boot-starter-websocket\2.3.5.RELEASE\spring-boot-starter-websocket-2.3.5.RELEASE.jar;G:\DeveloperTools\Maven\repository\org\springframework\spring-messaging\5.2.10.RELEASE\spring-messaging-5.2.10.RELEASE.jar;G:\DeveloperTools\Maven\repository\org\springframework\spring-websocket\5.2.10.RELEASE\spring-websocket-5.2.10.RELEASE.jar;G:\DeveloperTools\Maven\repository\com\baomidou\mybatis-plus-boot-starter\3.5.1\mybatis-plus-boot-starter-3.5.1.jar;G:\DeveloperTools\Maven\repository\com\baomidou\mybatis-plus\3.5.1\mybatis-plus-3.5.1.jar;G:\DeveloperTools\Maven\repository\com\baomidou\mybatis-plus-extension\3.5.1\mybatis-plus-extension-3.5.1.jar;G:\DeveloperTools\Maven\repository\com\baomidou\mybatis-plus-core\3.5.1\mybatis-plus-core-3.5.1.jar;G:\DeveloperTools\Maven\repository\com\baomidou\mybatis-plus-annotation\3.5.1\mybatis-plus-annotation-3.5.1.jar;G:\DeveloperTools\Maven\repository\com\github\jsqlparser\jsqlparser\4.3\jsqlparser-4.3.jar;G:\DeveloperTools\Maven\repository\org\mybatis\mybatis\3.5.9\mybatis-3.5.9.jar;G:\DeveloperTools\Maven\repository\org\mybatis\mybatis-spring\2.0.6\mybatis-spring-2.0.6.jar;G:\DeveloperTools\Maven\repository\org\springframework\boot\spring-boot-autoconfigure\2.3.5.RELEASE\spring-boot-autoconfigure-2.3.5.RELEASE.jar;G:\DeveloperTools\Maven\repository\org\springframework\boot\spring-boot-starter-jdbc\2.3.5.RELEASE\spring-boot-starter-jdbc-2.3.5.RELEASE.jar;G:\DeveloperTools\Maven\repository\com\zaxxer\HikariCP\3.4.5\HikariCP-3.4.5.jar;G:\DeveloperTools\Maven\repository\org\springframework\spring-jdbc\5.2.10.RELEASE\spring-jdbc-5.2.10.RELEASE.jar;G:\DeveloperTools\Maven\repository\com\alibaba\druid-spring-boot-starter\1.1.10\druid-spring-boot-starter-1.1.10.jar;G:\DeveloperTools\Maven\repository\com\alibaba\druid\1.1.10\druid-1.1.10.jar;G:\DeveloperTools\Maven\repository\org\slf4j\slf4j-api\1.7.30\slf4j-api-1.7.30.jar;G:\DeveloperTools\Maven\repository\mysql\mysql-connector-java\5.1.47\mysql-connector-java-5.1.47.jar;G:\DeveloperTools\Maven\repository\org\springframework\boot\spring-boot-starter-test\2.3.5.RELEASE\spring-boot-starter-test-2.3.5.RELEASE.jar;G:\DeveloperTools\Maven\repository\org\springframework\boot\spring-boot-test\2.3.5.RELEASE\spring-boot-test-2.3.5.RELEASE.jar;G:\DeveloperTools\Maven\repository\org\springframework\boot\spring-boot-test-autoconfigure\2.3.5.RELEASE\spring-boot-test-autoconfigure-2.3.5.RELEASE.jar;G:\DeveloperTools\Maven\repository\com\jayway\jsonpath\json-path\2.4.0\json-path-2.4.0.jar;G:\DeveloperTools\Maven\repository\net\minidev\json-smart\2.3\json-smart-2.3.jar;G:\DeveloperTools\Maven\repository\net\minidev\accessors-smart\1.2\accessors-smart-1.2.jar;G:\DeveloperTools\Maven\repository\jakarta\xml\bind\jakarta.xml.bind-api\2.3.3\jakarta.xml.bind-api-2.3.3.jar;G:\DeveloperTools\Maven\repository\jakarta\activation\jakarta.activation-api\1.2.2\jakarta.activation-api-1.2.2.jar;G:\DeveloperTools\Maven\repository\org\assertj\assertj-core\3.16.1\assertj-core-3.16.1.jar;G:\DeveloperTools\Maven\repository\org\hamcrest\hamcrest\2.2\hamcrest-2.2.jar;G:\DeveloperTools\Maven\repository\org\junit\jupiter\junit-jupiter\5.6.3\junit-jupiter-5.6.3.jar;G:\DeveloperTools\Maven\repository\org\junit\jupiter\junit-jupiter-api\5.6.3\junit-jupiter-api-5.6.3.jar;G:\DeveloperTools\Maven\repository\org\apiguardian\apiguardian-api\1.1.0\apiguardian-api-1.1.0.jar;G:\DeveloperTools\Maven\repository\org\opentest4j\opentest4j\1.2.0\opentest4j-1.2.0.jar;G:\DeveloperTools\Maven\repository\org\junit\platform\junit-platform-commons\1.6.3\junit-platform-commons-1.6.3.jar;G:\DeveloperTools\Maven\repository\org\junit\jupiter\junit-jupiter-params\5.6.3\junit-jupiter-params-5.6.3.jar;G:\DeveloperTools\Maven\repository\org\junit\jupiter\junit-jupiter-engine\5.6.3\junit-jupiter-engine-5.6.3.jar;G:\DeveloperTools\Maven\repository\org\junit\platform\junit-platform-engine\1.6.3\junit-platform-engine-1.6.3.jar;G:\DeveloperTools\Maven\repository\org\mockito\mockito-core\3.3.3\mockito-core-3.3.3.jar;G:\DeveloperTools\Maven\repository\net\bytebuddy\byte-buddy\1.10.17\byte-buddy-1.10.17.jar;G:\DeveloperTools\Maven\repository\net\bytebuddy\byte-buddy-agent\1.10.17\byte-buddy-agent-1.10.17.jar;G:\DeveloperTools\Maven\repository\org\objenesis\objenesis\2.6\objenesis-2.6.jar;G:\DeveloperTools\Maven\repository\org\mockito\mockito-junit-jupiter\3.3.3\mockito-junit-jupiter-3.3.3.jar;G:\DeveloperTools\Maven\repository\org\skyscreamer\jsonassert\1.5.0\jsonassert-1.5.0.jar;G:\DeveloperTools\Maven\repository\com\vaadin\external\google\android-json\0.0.20131108.vaadin1\android-json-0.0.20131108.vaadin1.jar;G:\DeveloperTools\Maven\repository\org\springframework\spring-core\5.2.10.RELEASE\spring-core-5.2.10.RELEASE.jar;G:\DeveloperTools\Maven\repository\org\springframework\spring-jcl\5.2.10.RELEASE\spring-jcl-5.2.10.RELEASE.jar;G:\DeveloperTools\Maven\repository\org\springframework\spring-test\5.2.10.RELEASE\spring-test-5.2.10.RELEASE.jar;G:\DeveloperTools\Maven\repository\org\xmlunit\xmlunit-core\2.7.0\xmlunit-core-2.7.0.jar;G:\DeveloperTools\Maven\repository\org\springframework\security\spring-security-test\5.3.5.RELEASE\spring-security-test-5.3.5.RELEASE.jar;G:\DeveloperTools\Maven\repository\org\springframework\security\spring-security-core\5.3.5.RELEASE\spring-security-core-5.3.5.RELEASE.jar;G:\DeveloperTools\Maven\repository\org\projectlombok\lombok\1.18.16\lombok-1.18.16.jar;G:\DeveloperTools\Maven\repository\net\oschina\zcx7878\fastdfs-client-java\1.27.0.0\fastdfs-client-java-1.27.0.0.jar;G:\DeveloperTools\Maven\repository\com\alibaba\easyexcel\2.2.6\easyexcel-2.2.6.jar;G:\DeveloperTools\Maven\repository\org\apache\poi\poi\3.17\poi-3.17.jar;G:\DeveloperTools\Maven\repository\commons-codec\commons-codec\1.14\commons-codec-1.14.jar;G:\DeveloperTools\Maven\repository\org\apache\commons\commons-collections4\4.1\commons-collections4-4.1.jar;G:\DeveloperTools\Maven\repository\org\apache\poi\poi-ooxml\3.17\poi-ooxml-3.17.jar;G:\DeveloperTools\Maven\repository\com\github\virtuald\curvesapi\1.04\curvesapi-1.04.jar;G:\DeveloperTools\Maven\repository\org\apache\poi\poi-ooxml-schemas\3.17\poi-ooxml-schemas-3.17.jar;G:\DeveloperTools\Maven\repository\org\apache\xmlbeans\xmlbeans\2.6.0\xmlbeans-2.6.0.jar;G:\DeveloperTools\Maven\repository\stax\stax-api\1.0.1\stax-api-1.0.1.jar;G:\DeveloperTools\Maven\repository\cglib\cglib\3.1\cglib-3.1.jar;G:\DeveloperTools\Maven\repository\org\ow2\asm\asm\4.2\asm-4.2.jar;G:\DeveloperTools\Maven\repository\org\ehcache\ehcache\3.8.1\ehcache-3.8.1.jar;G:\DeveloperTools\Maven\repository\org\glassfish\jaxb\jaxb-runtime\2.3.3\jaxb-runtime-2.3.3.jar;G:\DeveloperTools\Maven\repository\org\glassfish\jaxb\txw2\2.3.3\txw2-2.3.3.jar;G:\DeveloperTools\Maven\repository\com\sun\istack\istack-commons-runtime\3.0.11\istack-commons-runtime-3.0.11.jar;G:\DeveloperTools\Maven\repository\com\sun\activation\jakarta.activation\1.2.2\jakarta.activation-1.2.2.jar;G:\DeveloperTools\Maven\repository\net\coobird\thumbnailator\0.4.8\thumbnailator-0.4.8.jar;G:\DeveloperTools\Maven\repository\org\springframework\boot\spring-boot-starter-amqp\2.3.5.RELEASE\spring-boot-starter-amqp-2.3.5.RELEASE.jar;G:\DeveloperTools\Maven\repository\org\springframework\amqp\spring-rabbit\2.2.12.RELEASE\spring-rabbit-2.2.12.RELEASE.jar;G:\DeveloperTools\Maven\repository\com\rabbitmq\amqp-client\5.9.0\amqp-client-5.9.0.jar;G:\DeveloperTools\Maven\repository\org\springframework\amqp\spring-amqp\2.2.12.RELEASE\spring-amqp-2.2.12.RELEASE.jar;G:\DeveloperTools\Maven\repository\org\springframework\retry\spring-retry\1.2.5.RELEASE\spring-retry-1.2.5.RELEASE.jar;G:\DeveloperTools\Maven\repository\org\springframework\spring-tx\5.2.10.RELEASE\spring-tx-5.2.10.RELEASE.jar;G:\DeveloperTools\Maven\repository\com\alibaba\fastjson\1.2.73\fastjson-1.2.73.jar;G:\DeveloperTools\Maven\repository\org\springframework\boot\spring-boot-devtools\2.3.5.RELEASE\spring-boot-devtools-2.3.5.RELEASE.jar;G:\DeveloperTools\Maven\repository\org\springframework\boot\spring-boot\2.3.5.RELEASE\spring-boot-2.3.5.RELEASE.jar;G:\DeveloperTools\Maven\repository\com\github\binarywang\java-emoji-converter\0.1.1\java-emoji-converter-0.1.1.jar;G:\DeveloperTools\Maven\repository\com\vdurmont\emoji-java\3.2.0\emoji-java-3.2.0.jar;G:\DeveloperTools\Maven\repository\org\json\json\20140107\json-20140107.jar;G:\DeveloperTools\Maven\repository\com\thoughtworks\xstream\xstream\1.4.9\xstream-1.4.9.jar;G:\DeveloperTools\Maven\repository\xmlpull\xmlpull\1.1.3.1\xmlpull-1.1.3.1.jar;G:\DeveloperTools\Maven\repository\xpp3\xpp3_min\1.1.4c\xpp3_min-1.1.4c.jar;G:\DeveloperTools\Maven\repository\org\jodd\jodd-http\3.7\jodd-http-3.7.jar;G:\DeveloperTools\Maven\repository\org\jodd\jodd-upload\3.7\jodd-upload-3.7.jar;G:\DeveloperTools\Maven\repository\org\jodd\jodd-core\3.7\jodd-core-3.7.jar;G:\DeveloperTools\Maven\repository\org\apache\commons\commons-lang3\3.10\commons-lang3-3.10.jar;G:\DeveloperTools\Maven\repository\com\google\guava\guava\19.0\guava-19.0.jar;G:\DeveloperTools\Maven\repository\joda-time\joda-time\2.9\joda-time-2.9.jar;"/>
    <property name="java.vm.vendor" value="Oracle Corporation"/>
    <property name="sun.arch.data.model" value="64"/>
    <property name="user.variant" value=""/>
    <property name="java.vendor.url" value="http://java.oracle.com/"/>
    <property name="user.timezone" value="Asia/Shanghai"/>
    <property name="java.vm.specification.version" value="1.8"/>
    <property name="os.name" value="Windows 10"/>
    <property name="user.country" value="CN"/>
    <property name="sun.java.launcher" value="SUN_STANDARD"/>
    <property name="sun.boot.library.path" value="G:\DeveloperTools\Java\jdk1.8.0_131\jre\bin"/>
    <property name="sun.java.command" value="C:\Users\28459\AppData\Local\Temp\surefire7257429492265108899\surefirebooter5182667523983282265.jar C:\Users\28459\AppData\Local\Temp\surefire7257429492265108899 2022-02-26T21-38-44_517-jvmRun1 surefire3991472590572560618tmp surefire_08902686697579620695tmp"/>
    <property name="surefire.test.class.path" value="G:\workspace\workspace_myIdea\TimChatRemake\TimChatRemake-server\target\test-classes;G:\workspace\workspace_myIdea\TimChatRemake\TimChatRemake-server\target\classes;G:\DeveloperTools\Maven\repository\org\springframework\boot\spring-boot-starter-security\2.3.5.RELEASE\spring-boot-starter-security-2.3.5.RELEASE.jar;G:\DeveloperTools\Maven\repository\org\springframework\boot\spring-boot-starter\2.3.5.RELEASE\spring-boot-starter-2.3.5.RELEASE.jar;G:\DeveloperTools\Maven\repository\org\springframework\boot\spring-boot-starter-logging\2.3.5.RELEASE\spring-boot-starter-logging-2.3.5.RELEASE.jar;G:\DeveloperTools\Maven\repository\ch\qos\logback\logback-classic\1.2.3\logback-classic-1.2.3.jar;G:\DeveloperTools\Maven\repository\ch\qos\logback\logback-core\1.2.3\logback-core-1.2.3.jar;G:\DeveloperTools\Maven\repository\org\apache\logging\log4j\log4j-to-slf4j\2.13.3\log4j-to-slf4j-2.13.3.jar;G:\DeveloperTools\Maven\repository\org\apache\logging\log4j\log4j-api\2.13.3\log4j-api-2.13.3.jar;G:\DeveloperTools\Maven\repository\org\slf4j\jul-to-slf4j\1.7.30\jul-to-slf4j-1.7.30.jar;G:\DeveloperTools\Maven\repository\jakarta\annotation\jakarta.annotation-api\1.3.5\jakarta.annotation-api-1.3.5.jar;G:\DeveloperTools\Maven\repository\org\yaml\snakeyaml\1.26\snakeyaml-1.26.jar;G:\DeveloperTools\Maven\repository\org\springframework\spring-aop\5.2.10.RELEASE\spring-aop-5.2.10.RELEASE.jar;G:\DeveloperTools\Maven\repository\org\springframework\spring-beans\5.2.10.RELEASE\spring-beans-5.2.10.RELEASE.jar;G:\DeveloperTools\Maven\repository\org\springframework\security\spring-security-config\5.3.5.RELEASE\spring-security-config-5.3.5.RELEASE.jar;G:\DeveloperTools\Maven\repository\org\springframework\spring-context\5.2.10.RELEASE\spring-context-5.2.10.RELEASE.jar;G:\DeveloperTools\Maven\repository\org\springframework\security\spring-security-web\5.3.5.RELEASE\spring-security-web-5.3.5.RELEASE.jar;G:\DeveloperTools\Maven\repository\org\springframework\spring-expression\5.2.10.RELEASE\spring-expression-5.2.10.RELEASE.jar;G:\DeveloperTools\Maven\repository\org\springframework\boot\spring-boot-starter-web\2.3.5.RELEASE\spring-boot-starter-web-2.3.5.RELEASE.jar;G:\DeveloperTools\Maven\repository\org\springframework\boot\spring-boot-starter-json\2.3.5.RELEASE\spring-boot-starter-json-2.3.5.RELEASE.jar;G:\DeveloperTools\Maven\repository\com\fasterxml\jackson\core\jackson-databind\2.11.3\jackson-databind-2.11.3.jar;G:\DeveloperTools\Maven\repository\com\fasterxml\jackson\core\jackson-annotations\2.11.3\jackson-annotations-2.11.3.jar;G:\DeveloperTools\Maven\repository\com\fasterxml\jackson\core\jackson-core\2.11.3\jackson-core-2.11.3.jar;G:\DeveloperTools\Maven\repository\com\fasterxml\jackson\datatype\jackson-datatype-jdk8\2.11.3\jackson-datatype-jdk8-2.11.3.jar;G:\DeveloperTools\Maven\repository\com\fasterxml\jackson\datatype\jackson-datatype-jsr310\2.11.3\jackson-datatype-jsr310-2.11.3.jar;G:\DeveloperTools\Maven\repository\com\fasterxml\jackson\module\jackson-module-parameter-names\2.11.3\jackson-module-parameter-names-2.11.3.jar;G:\DeveloperTools\Maven\repository\org\springframework\boot\spring-boot-starter-tomcat\2.3.5.RELEASE\spring-boot-starter-tomcat-2.3.5.RELEASE.jar;G:\DeveloperTools\Maven\repository\org\apache\tomcat\embed\tomcat-embed-core\9.0.39\tomcat-embed-core-9.0.39.jar;G:\DeveloperTools\Maven\repository\org\glassfish\jakarta.el\3.0.3\jakarta.el-3.0.3.jar;G:\DeveloperTools\Maven\repository\org\apache\tomcat\embed\tomcat-embed-websocket\9.0.39\tomcat-embed-websocket-9.0.39.jar;G:\DeveloperTools\Maven\repository\org\springframework\spring-web\5.2.10.RELEASE\spring-web-5.2.10.RELEASE.jar;G:\DeveloperTools\Maven\repository\org\springframework\spring-webmvc\5.2.10.RELEASE\spring-webmvc-5.2.10.RELEASE.jar;G:\DeveloperTools\Maven\repository\org\springframework\boot\spring-boot-starter-websocket\2.3.5.RELEASE\spring-boot-starter-websocket-2.3.5.RELEASE.jar;G:\DeveloperTools\Maven\repository\org\springframework\spring-messaging\5.2.10.RELEASE\spring-messaging-5.2.10.RELEASE.jar;G:\DeveloperTools\Maven\repository\org\springframework\spring-websocket\5.2.10.RELEASE\spring-websocket-5.2.10.RELEASE.jar;G:\DeveloperTools\Maven\repository\com\baomidou\mybatis-plus-boot-starter\3.5.1\mybatis-plus-boot-starter-3.5.1.jar;G:\DeveloperTools\Maven\repository\com\baomidou\mybatis-plus\3.5.1\mybatis-plus-3.5.1.jar;G:\DeveloperTools\Maven\repository\com\baomidou\mybatis-plus-extension\3.5.1\mybatis-plus-extension-3.5.1.jar;G:\DeveloperTools\Maven\repository\com\baomidou\mybatis-plus-core\3.5.1\mybatis-plus-core-3.5.1.jar;G:\DeveloperTools\Maven\repository\com\baomidou\mybatis-plus-annotation\3.5.1\mybatis-plus-annotation-3.5.1.jar;G:\DeveloperTools\Maven\repository\com\github\jsqlparser\jsqlparser\4.3\jsqlparser-4.3.jar;G:\DeveloperTools\Maven\repository\org\mybatis\mybatis\3.5.9\mybatis-3.5.9.jar;G:\DeveloperTools\Maven\repository\org\mybatis\mybatis-spring\2.0.6\mybatis-spring-2.0.6.jar;G:\DeveloperTools\Maven\repository\org\springframework\boot\spring-boot-autoconfigure\2.3.5.RELEASE\spring-boot-autoconfigure-2.3.5.RELEASE.jar;G:\DeveloperTools\Maven\repository\org\springframework\boot\spring-boot-starter-jdbc\2.3.5.RELEASE\spring-boot-starter-jdbc-2.3.5.RELEASE.jar;G:\DeveloperTools\Maven\repository\com\zaxxer\HikariCP\3.4.5\HikariCP-3.4.5.jar;G:\DeveloperTools\Maven\repository\org\springframework\spring-jdbc\5.2.10.RELEASE\spring-jdbc-5.2.10.RELEASE.jar;G:\DeveloperTools\Maven\repository\com\alibaba\druid-spring-boot-starter\1.1.10\druid-spring-boot-starter-1.1.10.jar;G:\DeveloperTools\Maven\repository\com\alibaba\druid\1.1.10\druid-1.1.10.jar;G:\DeveloperTools\Maven\repository\org\slf4j\slf4j-api\1.7.30\slf4j-api-1.7.30.jar;G:\DeveloperTools\Maven\repository\mysql\mysql-connector-java\5.1.47\mysql-connector-java-5.1.47.jar;G:\DeveloperTools\Maven\repository\org\springframework\boot\spring-boot-starter-test\2.3.5.RELEASE\spring-boot-starter-test-2.3.5.RELEASE.jar;G:\DeveloperTools\Maven\repository\org\springframework\boot\spring-boot-test\2.3.5.RELEASE\spring-boot-test-2.3.5.RELEASE.jar;G:\DeveloperTools\Maven\repository\org\springframework\boot\spring-boot-test-autoconfigure\2.3.5.RELEASE\spring-boot-test-autoconfigure-2.3.5.RELEASE.jar;G:\DeveloperTools\Maven\repository\com\jayway\jsonpath\json-path\2.4.0\json-path-2.4.0.jar;G:\DeveloperTools\Maven\repository\net\minidev\json-smart\2.3\json-smart-2.3.jar;G:\DeveloperTools\Maven\repository\net\minidev\accessors-smart\1.2\accessors-smart-1.2.jar;G:\DeveloperTools\Maven\repository\jakarta\xml\bind\jakarta.xml.bind-api\2.3.3\jakarta.xml.bind-api-2.3.3.jar;G:\DeveloperTools\Maven\repository\jakarta\activation\jakarta.activation-api\1.2.2\jakarta.activation-api-1.2.2.jar;G:\DeveloperTools\Maven\repository\org\assertj\assertj-core\3.16.1\assertj-core-3.16.1.jar;G:\DeveloperTools\Maven\repository\org\hamcrest\hamcrest\2.2\hamcrest-2.2.jar;G:\DeveloperTools\Maven\repository\org\junit\jupiter\junit-jupiter\5.6.3\junit-jupiter-5.6.3.jar;G:\DeveloperTools\Maven\repository\org\junit\jupiter\junit-jupiter-api\5.6.3\junit-jupiter-api-5.6.3.jar;G:\DeveloperTools\Maven\repository\org\apiguardian\apiguardian-api\1.1.0\apiguardian-api-1.1.0.jar;G:\DeveloperTools\Maven\repository\org\opentest4j\opentest4j\1.2.0\opentest4j-1.2.0.jar;G:\DeveloperTools\Maven\repository\org\junit\platform\junit-platform-commons\1.6.3\junit-platform-commons-1.6.3.jar;G:\DeveloperTools\Maven\repository\org\junit\jupiter\junit-jupiter-params\5.6.3\junit-jupiter-params-5.6.3.jar;G:\DeveloperTools\Maven\repository\org\junit\jupiter\junit-jupiter-engine\5.6.3\junit-jupiter-engine-5.6.3.jar;G:\DeveloperTools\Maven\repository\org\junit\platform\junit-platform-engine\1.6.3\junit-platform-engine-1.6.3.jar;G:\DeveloperTools\Maven\repository\org\mockito\mockito-core\3.3.3\mockito-core-3.3.3.jar;G:\DeveloperTools\Maven\repository\net\bytebuddy\byte-buddy\1.10.17\byte-buddy-1.10.17.jar;G:\DeveloperTools\Maven\repository\net\bytebuddy\byte-buddy-agent\1.10.17\byte-buddy-agent-1.10.17.jar;G:\DeveloperTools\Maven\repository\org\objenesis\objenesis\2.6\objenesis-2.6.jar;G:\DeveloperTools\Maven\repository\org\mockito\mockito-junit-jupiter\3.3.3\mockito-junit-jupiter-3.3.3.jar;G:\DeveloperTools\Maven\repository\org\skyscreamer\jsonassert\1.5.0\jsonassert-1.5.0.jar;G:\DeveloperTools\Maven\repository\com\vaadin\external\google\android-json\0.0.20131108.vaadin1\android-json-0.0.20131108.vaadin1.jar;G:\DeveloperTools\Maven\repository\org\springframework\spring-core\5.2.10.RELEASE\spring-core-5.2.10.RELEASE.jar;G:\DeveloperTools\Maven\repository\org\springframework\spring-jcl\5.2.10.RELEASE\spring-jcl-5.2.10.RELEASE.jar;G:\DeveloperTools\Maven\repository\org\springframework\spring-test\5.2.10.RELEASE\spring-test-5.2.10.RELEASE.jar;G:\DeveloperTools\Maven\repository\org\xmlunit\xmlunit-core\2.7.0\xmlunit-core-2.7.0.jar;G:\DeveloperTools\Maven\repository\org\springframework\security\spring-security-test\5.3.5.RELEASE\spring-security-test-5.3.5.RELEASE.jar;G:\DeveloperTools\Maven\repository\org\springframework\security\spring-security-core\5.3.5.RELEASE\spring-security-core-5.3.5.RELEASE.jar;G:\DeveloperTools\Maven\repository\org\projectlombok\lombok\1.18.16\lombok-1.18.16.jar;G:\DeveloperTools\Maven\repository\net\oschina\zcx7878\fastdfs-client-java\1.27.0.0\fastdfs-client-java-1.27.0.0.jar;G:\DeveloperTools\Maven\repository\com\alibaba\easyexcel\2.2.6\easyexcel-2.2.6.jar;G:\DeveloperTools\Maven\repository\org\apache\poi\poi\3.17\poi-3.17.jar;G:\DeveloperTools\Maven\repository\commons-codec\commons-codec\1.14\commons-codec-1.14.jar;G:\DeveloperTools\Maven\repository\org\apache\commons\commons-collections4\4.1\commons-collections4-4.1.jar;G:\DeveloperTools\Maven\repository\org\apache\poi\poi-ooxml\3.17\poi-ooxml-3.17.jar;G:\DeveloperTools\Maven\repository\com\github\virtuald\curvesapi\1.04\curvesapi-1.04.jar;G:\DeveloperTools\Maven\repository\org\apache\poi\poi-ooxml-schemas\3.17\poi-ooxml-schemas-3.17.jar;G:\DeveloperTools\Maven\repository\org\apache\xmlbeans\xmlbeans\2.6.0\xmlbeans-2.6.0.jar;G:\DeveloperTools\Maven\repository\stax\stax-api\1.0.1\stax-api-1.0.1.jar;G:\DeveloperTools\Maven\repository\cglib\cglib\3.1\cglib-3.1.jar;G:\DeveloperTools\Maven\repository\org\ow2\asm\asm\4.2\asm-4.2.jar;G:\DeveloperTools\Maven\repository\org\ehcache\ehcache\3.8.1\ehcache-3.8.1.jar;G:\DeveloperTools\Maven\repository\org\glassfish\jaxb\jaxb-runtime\2.3.3\jaxb-runtime-2.3.3.jar;G:\DeveloperTools\Maven\repository\org\glassfish\jaxb\txw2\2.3.3\txw2-2.3.3.jar;G:\DeveloperTools\Maven\repository\com\sun\istack\istack-commons-runtime\3.0.11\istack-commons-runtime-3.0.11.jar;G:\DeveloperTools\Maven\repository\com\sun\activation\jakarta.activation\1.2.2\jakarta.activation-1.2.2.jar;G:\DeveloperTools\Maven\repository\net\coobird\thumbnailator\0.4.8\thumbnailator-0.4.8.jar;G:\DeveloperTools\Maven\repository\org\springframework\boot\spring-boot-starter-amqp\2.3.5.RELEASE\spring-boot-starter-amqp-2.3.5.RELEASE.jar;G:\DeveloperTools\Maven\repository\org\springframework\amqp\spring-rabbit\2.2.12.RELEASE\spring-rabbit-2.2.12.RELEASE.jar;G:\DeveloperTools\Maven\repository\com\rabbitmq\amqp-client\5.9.0\amqp-client-5.9.0.jar;G:\DeveloperTools\Maven\repository\org\springframework\amqp\spring-amqp\2.2.12.RELEASE\spring-amqp-2.2.12.RELEASE.jar;G:\DeveloperTools\Maven\repository\org\springframework\retry\spring-retry\1.2.5.RELEASE\spring-retry-1.2.5.RELEASE.jar;G:\DeveloperTools\Maven\repository\org\springframework\spring-tx\5.2.10.RELEASE\spring-tx-5.2.10.RELEASE.jar;G:\DeveloperTools\Maven\repository\com\alibaba\fastjson\1.2.73\fastjson-1.2.73.jar;G:\DeveloperTools\Maven\repository\org\springframework\boot\spring-boot-devtools\2.3.5.RELEASE\spring-boot-devtools-2.3.5.RELEASE.jar;G:\DeveloperTools\Maven\repository\org\springframework\boot\spring-boot\2.3.5.RELEASE\spring-boot-2.3.5.RELEASE.jar;G:\DeveloperTools\Maven\repository\com\github\binarywang\java-emoji-converter\0.1.1\java-emoji-converter-0.1.1.jar;G:\DeveloperTools\Maven\repository\com\vdurmont\emoji-java\3.2.0\emoji-java-3.2.0.jar;G:\DeveloperTools\Maven\repository\org\json\json\20140107\json-20140107.jar;G:\DeveloperTools\Maven\repository\com\thoughtworks\xstream\xstream\1.4.9\xstream-1.4.9.jar;G:\DeveloperTools\Maven\repository\xmlpull\xmlpull\1.1.3.1\xmlpull-1.1.3.1.jar;G:\DeveloperTools\Maven\repository\xpp3\xpp3_min\1.1.4c\xpp3_min-1.1.4c.jar;G:\DeveloperTools\Maven\repository\org\jodd\jodd-http\3.7\jodd-http-3.7.jar;G:\DeveloperTools\Maven\repository\org\jodd\jodd-upload\3.7\jodd-upload-3.7.jar;G:\DeveloperTools\Maven\repository\org\jodd\jodd-core\3.7\jodd-core-3.7.jar;G:\DeveloperTools\Maven\repository\org\apache\commons\commons-lang3\3.10\commons-lang3-3.10.jar;G:\DeveloperTools\Maven\repository\com\google\guava\guava\19.0\guava-19.0.jar;G:\DeveloperTools\Maven\repository\joda-time\joda-time\2.9\joda-time-2.9.jar;"/>
    <property name="sun.cpu.endian" value="little"/>
    <property name="user.home" value="C:\Users\28459"/>
    <property name="user.language" value="zh"/>
    <property name="java.specification.vendor" value="Oracle Corporation"/>
    <property name="java.home" value="G:\DeveloperTools\Java\jdk1.8.0_131\jre"/>
    <property name="basedir" value="G:\workspace\workspace_myIdea\TimChatRemake\TimChatRemake-server"/>
    <property name="file.separator" value="\"/>
    <property name="line.separator" value="&#10;"/>
    <property name="java.vm.specification.vendor" value="Oracle Corporation"/>
    <property name="java.specification.name" value="Java Platform API Specification"/>
    <property name="java.awt.graphicsenv" value="sun.awt.Win32GraphicsEnvironment"/>
    <property name="surefire.real.class.path" value="C:\Users\28459\AppData\Local\Temp\surefire7257429492265108899\surefirebooter5182667523983282265.jar"/>
    <property name="sun.boot.class.path" value="G:\DeveloperTools\Java\jdk1.8.0_131\jre\lib\resources.jar;G:\DeveloperTools\Java\jdk1.8.0_131\jre\lib\rt.jar;G:\DeveloperTools\Java\jdk1.8.0_131\jre\lib\sunrsasign.jar;G:\DeveloperTools\Java\jdk1.8.0_131\jre\lib\jsse.jar;G:\DeveloperTools\Java\jdk1.8.0_131\jre\lib\jce.jar;G:\DeveloperTools\Java\jdk1.8.0_131\jre\lib\charsets.jar;G:\DeveloperTools\Java\jdk1.8.0_131\jre\lib\jfr.jar;G:\DeveloperTools\Java\jdk1.8.0_131\jre\classes"/>
    <property name="user.script" value=""/>
    <property name="sun.management.compiler" value="HotSpot 64-Bit Tiered Compilers"/>
    <property name="java.runtime.version" value="1.8.0_131-b11"/>
    <property name="user.name" value="28459"/>
    <property name="path.separator" value=";"/>
    <property name="os.version" value="10.0"/>
    <property name="java.endorsed.dirs" value="G:\DeveloperTools\Java\jdk1.8.0_131\jre\lib\endorsed"/>
    <property name="java.runtime.name" value="Java(TM) SE Runtime Environment"/>
    <property name="file.encoding" value="GBK"/>
    <property name="java.vm.name" value="Java HotSpot(TM) 64-Bit Server VM"/>
    <property name="localRepository" value="G:\DeveloperTools\Maven\repository"/>
    <property name="java.vendor.url.bug" value="http://bugreport.sun.com/bugreport/"/>
    <property name="java.io.tmpdir" value="C:\Users\28459\AppData\Local\Temp\"/>
    <property name="idea.version" value="2021.1"/>
    <property name="java.version" value="1.8.0_131"/>
    <property name="user.dir" value="G:\workspace\workspace_myIdea\TimChatRemake\TimChatRemake-server"/>
    <property name="os.arch" value="amd64"/>
    <property name="java.vm.specification.name" value="Java Virtual Machine Specification"/>
    <property name="java.awt.printerjob" value="sun.awt.windows.WPrinterJob"/>
    <property name="sun.os.patch.level" value=""/>
    <property name="java.library.path" value="G:\DeveloperTools\Java\jdk1.8.0_131\jre\bin;C:\Windows\Sun\Java\bin;C:\Windows\system32;C:\Windows;G:\VMWare16\bin\;G:\DeveloperTools\XShell\Xlpd 6\;G:\DeveloperTools\XShell\Xshell 6\;G:\DeveloperTools\XShell\Xmanager 6\;G:\DeveloperTools\apache-maven-3.3.9\bin;G:\DeveloperTools\Java\jdk1.8.0_131\bin;G:\DeveloperTools\MySQL\MySQL-5.5.2.7-server\bin;G:\DeveloperTools\mingw64\bin;C:\Windows\System32;G:\DeveloperTools\Xftp\;C:\ProgramData\chocolatey\bin;C:\Windows\System32\OpenSSH\;G:\DeveloperTools\Git\cmd;G:\nvm;G:\DeveloperTools\node;C:\Program Files\PowerShell\7\;G:\DeveloperTools\Redis\;C:\Users\28459\scoop\shims;G:\DeveloperTools\Python3.7\Scripts\;G:\DeveloperTools\Python3.7\;C:\Users\28459\AppData\Local\Microsoft\WindowsApps;G:\DeveloperTools\VisualStudioCode\Microsoft VS Code\bin;G:\DeveloperTools\CLion 2021.1\bin;%DevEco Studio%;C:\Users\28459\AppData\Local\GitHubDesktop\bin;G:\DeveloperTools\PyCharm 2021.3\bin;G:\DeveloperTools\Git\bin;G:\DeveloperTools\Git\mingw64\libexec\git-core;G:\DeveloperTools\Git\mingw64\bin;$env:POSH_PATH;G:\DeveloperTools\PyCharm 2021.3.1\bin;;G:\DeveloperTools\PyCharm Community Edition 2021.3.1\bin;;G:\nvm;G:\DeveloperTools\node;."/>
    <property name="java.vm.info" value="mixed mode"/>
    <property name="java.vendor" value="Oracle Corporation"/>
    <property name="java.vm.version" value="25.131-b11"/>
    <property name="java.ext.dirs" value="G:\DeveloperTools\Java\jdk1.8.0_131\jre\lib\ext;C:\Windows\Sun\Java\lib\ext"/>
    <property name="sun.io.unicode.encoding" value="UnicodeLittle"/>
    <property name="java.class.version" value="52.0"/>
  </properties>
  <testcase name="testPassword" classname="com.yep.server.MainTest" time="0.317"/>
</testsuite>